<?xml version="1.0" encoding="UTF-8"?>
<testng-results skipped="0" failed="0" ignored="0" total="0" passed="0">
  <reporter-output>
  </reporter-output>
  <suite name="Default suite" duration-ms="11" started-at="2019-07-05T06:07:06Z" finished-at="2019-07-05T06:07:06Z">
    <groups>
    </groups>
    <test name="Default test" duration-ms="11" started-at="2019-07-05T06:07:06Z" finished-at="2019-07-05T06:07:06Z">
      <class name="alesco.testcases.LoginTest">
        <test-method status="PASS" signature="setUp()[pri:0, instance:alesco.testcases.LoginTest@6451e]" name="setUp" is-config="true" duration-ms="6696" started-at="2019-07-05T11:36:59Z" finished-at="2019-07-05T11:37:06Z">
          <reporter-output>
          </reporter-output>
        </test-method> <!-- setUp -->
        <test-method status="PASS" signature="tearDown()[pri:0, instance:alesco.testcases.LoginTest@6451e]" name="tearDown" is-config="true" duration-ms="1" started-at="2019-07-05T11:37:06Z" finished-at="2019-07-05T11:37:06Z">
          <reporter-output>
          </reporter-output>
        </test-method> <!-- tearDown -->
      </class> <!-- alesco.testcases.LoginTest -->
    </test> <!-- Default test -->
  </suite> <!-- Default suite -->
</testng-results>
